<?xml version="1.0" encoding="UTF-8"?>
<!-- Generated by org.testng.reporters.JUnitReportReporter -->
<testsuite hostname="LAPTOP-T8SEP29H" failures="0" tests="2" name="com.crm.qa.testcases.LoginPageTest" time="7.979" errors="0" timestamp="2023-08-16T16:31:23 CDT" skipped="0">
  <testcase classname="com.crm.qa.testcases.LoginPageTest" name="loginPageTitleTest" time="3.408"/>
  <system-out/>
  <testcase classname="com.crm.qa.testcases.LoginPageTest" name="loginTest" time="4.571"/>
  <system-out/>
</testsuite> <!-- com.crm.qa.testcases.LoginPageTest -->
